Unity Editor version:    2022.3.6f1 (b9e6e7e9fa2d)
Branch:                  2022.3/staging
Build type:              Release
Batch mode:              YES
macOS version:           Version 12.7.3 (Build 21H1015)
Darwin version:          21.6.0
Architecture:            x86_64
Running under Rosetta:   NO
Available memory:        16384 MB
Using pre-set license
Pro License: YES

COMMAND LINE ARGUMENTS:
/Applications/Unity/Hub/Editor/2022.3.6f1/Unity.app/Contents/MacOS/Unity
-adb2
-batchMode
-noUpm
-name
AssetImportWorker0
-projectPath
/Users/kylefrudakis/Desktop/Unity/NavMesh-Training/NavMesh Training
-logFile
Logs/AssetImportWorker0.log
-srvPort
57690
Successfully changed project path to: /Users/kylefrudakis/Desktop/Unity/NavMesh-Training/NavMesh Training
/Users/kylefrudakis/Desktop/Unity/NavMesh-Training/NavMesh Training
[UnityMemory] Configuration Parameters - Can be set up in boot.config
    "memorysetup-bucket-allocator-granularity=16"
    "memorysetup-bucket-allocator-bucket-count=8"
    "memorysetup-bucket-allocator-block-size=33554432"
    "memorysetup-bucket-allocator-block-count=8"
    "memorysetup-main-allocator-block-size=16777216"
    "memorysetup-thread-allocator-block-size=16777216"
    "memorysetup-gfx-main-allocator-block-size=16777216"
    "memorysetup-gfx-thread-allocator-block-size=16777216"
    "memorysetup-cache-allocator-block-size=4194304"
    "memorysetup-typetree-allocator-block-size=2097152"
    "memorysetup-profiler-bucket-allocator-granularity=16"
    "memorysetup-profiler-bucket-allocator-bucket-count=8"
    "memorysetup-profiler-bucket-allocator-block-size=33554432"
    "memorysetup-profiler-bucket-allocator-block-count=8"
    "memorysetup-profiler-allocator-block-size=16777216"
    "memorysetup-profiler-editor-allocator-block-size=1048576"
    "memorysetup-temp-allocator-size-main=16777216"
    "memorysetup-job-temp-allocator-block-size=2097152"
    "memorysetup-job-temp-allocator-block-size-background=1048576"
    "memorysetup-job-temp-allocator-reduction-small-platforms=262144"
    "memorysetup-allocator-temp-initial-block-size-main=262144"
    "memorysetup-allocator-temp-initial-block-size-worker=262144"
    "memorysetup-temp-allocator-size-background-worker=32768"
    "memorysetup-temp-allocator-size-job-worker=262144"
    "memorysetup-temp-allocator-size-preload-manager=33554432"
    "memorysetup-temp-allocator-size-nav-mesh-worker=65536"
    "memorysetup-temp-allocator-size-audio-worker=65536"
    "memorysetup-temp-allocator-size-cloud-worker=32768"
    "memorysetup-temp-allocator-size-gi-baking-worker=262144"
    "memorysetup-temp-allocator-size-gfx=262144"
Player connection [4793546240] Host "[IP] 127.94.0.1 [Port] 0 [Flags] 2 [Guid] 1544668206 [EditorId] 1544668206 [Version] 1048832 [Id] OSXEditor(0,Kyles-Mac-mini.local) [Debug] 1 [PackageName] OSXEditor [ProjectName] Editor" joined multi-casting on [225.0.0.222:54997]...

Player connection [4793546240] Host "[IP] 127.94.0.1 [Port] 0 [Flags] 2 [Guid] 1544668206 [EditorId] 1544668206 [Version] 1048832 [Id] OSXEditor(0,Kyles-Mac-mini.local) [Debug] 1 [PackageName] OSXEditor [ProjectName] Editor" joined alternative multi-casting on [225.0.0.222:34997]...

Refreshing native plugins compatible for Editor in 8.21 ms, found 2 plugins.
Preloading 0 native plugins for Editor in 0.00 ms.
Initialize engine version: 2022.3.6f1 (b9e6e7e9fa2d)
[Subsystems] Discovering subsystems at path /Applications/Unity/Hub/Editor/2022.3.6f1/Unity.app/Contents/Resources/UnitySubsystems
[Subsystems] Discovering subsystems at path /Users/kylefrudakis/Desktop/Unity/NavMesh-Training/NavMesh Training/Assets
GfxDevice: creating device client; threaded=0; jobified=0
HP 27 Curved preferred device: Intel Iris Graphics (low power)
Metal devices available: 1
0: Intel Iris Graphics (low power)
Using device Intel Iris Graphics (low power)
Initializing Metal device caps: Intel Iris Graphics
Initialize mono
Mono path[0] = '/Applications/Unity/Hub/Editor/2022.3.6f1/Unity.app/Contents/Managed'
Mono path[1] = '/Applications/Unity/Hub/Editor/2022.3.6f1/Unity.app/Contents/MonoBleedingEdge/lib/mono/unityjit-macos'
Mono config path = '/Applications/Unity/Hub/Editor/2022.3.6f1/Unity.app/Contents/MonoBleedingEdge/etc'
Using monoOptions --debugger-agent=transport=dt_socket,embedding=1,server=y,suspend=n,address=127.0.0.1:56252
Begin MonoManager ReloadAssembly
Registering precompiled unity dll's ...
Register platform support module: /Applications/Unity/Hub/Editor/2022.3.6f1/PlaybackEngines/WebGLSupport/UnityEditor.WebGL.Extensions.dll
Register platform support module: /Applications/Unity/Hub/Editor/2022.3.6f1/Unity.app/Contents/PlaybackEngines/MacStandaloneSupport/UnityEditor.OSXStandalone.Extensions.dll
Register platform support module: /Applications/Unity/Hub/Editor/2022.3.6f1/PlaybackEngines/AndroidPlayer/UnityEditor.Android.Extensions.dll
Register platform support module: /Applications/Unity/Hub/Editor/2022.3.6f1/PlaybackEngines/iOSSupport/UnityEditor.iOS.Extensions.dll
Registered in 0.006433 seconds.
- Loaded All Assemblies, in  0.975 seconds
[usbmuxd] Start listen thread
[usbmuxd] Listen thread started
[usbmuxd] Send listen message
Native extension for iOS target not found
Native extension for Android target not found
Android Extension - Scanning For ADB Devices 184 ms
Native extension for OSXStandalone target not found
Native extension for WebGL target not found
Mono: successfully reloaded assembly
- Finished resetting the current domain, in  1.309 seconds
Domain Reload Profiling: 2284ms
	BeginReloadAssembly (210ms)
		ExecutionOrderSort (0ms)
		DisableScriptedObjects (0ms)
		BackupInstance (0ms)
		ReleaseScriptingObjects (1ms)
		CreateAndSetChildDomain (9ms)
	RebuildCommonClasses (109ms)
	RebuildNativeTypeToScriptingClass (28ms)
	initialDomainReloadingComplete (134ms)
	LoadAllAssembliesAndSetupDomain (492ms)
		LoadAssemblies (201ms)
		RebuildTransferFunctionScriptingTraits (0ms)
		AnalyzeDomain (486ms)
			TypeCache.Refresh (483ms)
				TypeCache.ScanAssembly (445ms)
			ScanForSourceGeneratedMonoScriptInfo (1ms)
			ResolveRequiredComponents (1ms)
	FinalizeReload (1310ms)
		ReleaseScriptCaches (0ms)
		RebuildScriptCaches (0ms)
		SetupLoadedEditorAssemblies (1049ms)
			LogAssemblyErrors (0ms)
			InitializePlatformSupportModulesInManaged (609ms)
			SetLoadedEditorAssemblies (10ms)
			RefreshPlugins (0ms)
			BeforeProcessingInitializeOnLoad (6ms)
			ProcessInitializeOnLoadAttributes (267ms)
			ProcessInitializeOnLoadMethodAttributes (156ms)
			AfterProcessingInitializeOnLoad (0ms)
			EditorAssembliesLoaded (0ms)
		ExecutionOrderSort2 (0ms)
		AwakeInstancesAfterBackupRestoration (0ms)
========================================================================
Worker process is ready to serve import requests
Begin MonoManager ReloadAssembly
Symbol file LoadedFromMemory doesn't match image /Users/kylefrudakis/Desktop/Unity/NavMesh-Training/NavMesh Training/Library/PackageCache/com.unity.visualscripting@1.8.0/Editor/VisualScripting.Core/Dependencies/YamlDotNet/Unity.VisualScripting.YamlDotNet.dll
Symbol file LoadedFromMemory doesn't match image /Users/kylefrudakis/Desktop/Unity/NavMesh-Training/NavMesh Training/Library/PackageCache/com.unity.visualscripting@1.8.0/Editor/VisualScripting.Core/Dependencies/DotNetZip/Unity.VisualScripting.IonicZip.dll
- Loaded All Assemblies, in  2.310 seconds
Refreshing native plugins compatible for Editor in 2.62 ms, found 2 plugins.
Native extension for iOS target not found
Native extension for Android target not found
Native extension for OSXStandalone target not found
Native extension for WebGL target not found
Package Manager log level set to [2]
[Package Manager] Server::EnsureServerProcessIsRunning -- launch failed, reason: Unity was launched with the -noUpm command-line argument
[Package Manager] UpmClient::Send -- Unable to send message (not connected to UPM process).
[Package Manager] Cannot connect to Unity Package Manager local server
Mono: successfully reloaded assembly
- Finished resetting the current domain, in  2.018 seconds
Domain Reload Profiling: 4329ms
	BeginReloadAssembly (393ms)
		ExecutionOrderSort (0ms)
		DisableScriptedObjects (15ms)
		BackupInstance (0ms)
		ReleaseScriptingObjects (1ms)
		CreateAndSetChildDomain (134ms)
	RebuildCommonClasses (118ms)
	RebuildNativeTypeToScriptingClass (33ms)
	initialDomainReloadingComplete (110ms)
	LoadAllAssembliesAndSetupDomain (1657ms)
		LoadAssemblies (671ms)
		RebuildTransferFunctionScriptingTraits (0ms)
		AnalyzeDomain (1144ms)
			TypeCache.Refresh (1078ms)
				TypeCache.ScanAssembly (1036ms)
			ScanForSourceGeneratedMonoScriptInfo (52ms)
			ResolveRequiredComponents (15ms)
	FinalizeReload (2019ms)
		ReleaseScriptCaches (0ms)
		RebuildScriptCaches (0ms)
		SetupLoadedEditorAssemblies (1506ms)
			LogAssemblyErrors (0ms)
			InitializePlatformSupportModulesInManaged (87ms)
			SetLoadedEditorAssemblies (9ms)
			RefreshPlugins (0ms)
			BeforeProcessingInitializeOnLoad (132ms)
			ProcessInitializeOnLoadAttributes (1223ms)
			ProcessInitializeOnLoadMethodAttributes (53ms)
			AfterProcessingInitializeOnLoad (2ms)
			EditorAssembliesLoaded (0ms)
		ExecutionOrderSort2 (0ms)
		AwakeInstancesAfterBackupRestoration (10ms)
Launching external process: /Applications/Unity/Hub/Editor/2022.3.6f1/Unity.app/Contents/Tools/UnityShaderCompiler
Launched and connected shader compiler UnityShaderCompiler after 0.13 seconds
Refreshing native plugins compatible for Editor in 2.40 ms, found 2 plugins.
Preloading 0 native plugins for Editor in 0.00 ms.
Unloading 3643 Unused Serialized files (Serialized files now loaded: 0)
Unloading 50 unused Assets / (1.4 MB). Loaded Objects now: 4104.
Memory consumption went from 294.0 MB to 292.6 MB.
Total: 10.959631 ms (FindLiveObjects: 0.687560 ms CreateObjectMapping: 0.435087 ms MarkObjects: 8.592266 ms  DeleteObjects: 1.242809 ms)

AssetImportParameters requested are different than current active one (requested -> active):
  custom:container-demuxer-ogg: 62fdf1f143b41e24485cea50d1cbac27 -> 
  custom:video-decoder-ogg-theora: a1e56fd34408186e4bbccfd4996cb3dc -> 
  custom:container-demuxer-webm: 4f35f7cbe854078d1ac9338744f61a02 -> 
  custom:container-muxer-webm: aa71ff27fc2769a1b78a27578f13a17b -> 
  custom:video-decoder-webm-vp8: 9c59270c3fd7afecdb556c50c9e8de78 -> 
  custom:AudioImporter_EditorPlatform: 3918e3fc78b5a79bad01e8451be0beb8 -> 
  custom:framework-osx-AVFoundation: e770b220cccbd017edd2c1fefb359320 -> 
  custom:video-encoder-webm-vp8: eb34c28f22e8b96e1ab97ce403110664 -> 
  custom:audio-decoder-ogg-vorbis: bf7c407c2cedff20999df2af8eb42d56 -> 
  custom:audio-encoder-webm-vorbis: bf7c407c2cedff20999df2af8eb42d56 -> 
========================================================================
Received Import Request.
  Time since last request: 85057.239601 seconds.
  path: Assets/TextMesh Pro/Resources/Fonts & Materials/FortunerHeavy SDF.asset
  artifactKey: Guid(60bfbed8b5d8b40b0baf050237822b68) Importer(815301076,1909f56bfc062723c751e8b465ee728b)
Start importing Assets/TextMesh Pro/Resources/Fonts & Materials/FortunerHeavy SDF.asset using Guid(60bfbed8b5d8b40b0baf050237822b68) Importer(815301076,1909f56bfc062723c751e8b465ee728b)  -> (artifact id: 'a28ea86afaa53e06a48d6b0611fb7081') in 0.246994 seconds
Number of updated asset objects reloaded before import = 0
Number of asset objects unloaded after import = 6
========================================================================
Received Import Request.
  Time since last request: 0.000337 seconds.
  path: Assets/TextMesh Pro/Resources/Fonts & Materials/LiberationSans SDF - Outline.mat
  artifactKey: Guid(79459efec17a4d00a321bdcc27bbc385) Importer(815301076,1909f56bfc062723c751e8b465ee728b)
Start importing Assets/TextMesh Pro/Resources/Fonts & Materials/LiberationSans SDF - Outline.mat using Guid(79459efec17a4d00a321bdcc27bbc385) Importer(815301076,1909f56bfc062723c751e8b465ee728b)  -> (artifact id: '4d7e6188d57e1a64399ecaa75c01d0b3') in 0.036688 seconds
Number of updated asset objects reloaded before import = 0
Number of asset objects unloaded after import = 2
========================================================================
Received Import Request.
  Time since last request: 0.004021 seconds.
  path: Assets/TextMesh Pro/Resources/Fonts & Materials/LiberationSans SDF - Fallback.asset
  artifactKey: Guid(2e498d1c8094910479dc3e1b768306a4) Importer(815301076,1909f56bfc062723c751e8b465ee728b)
Start importing Assets/TextMesh Pro/Resources/Fonts & Materials/LiberationSans SDF - Fallback.asset using Guid(2e498d1c8094910479dc3e1b768306a4) Importer(815301076,1909f56bfc062723c751e8b465ee728b)  -> (artifact id: 'd87f7ddea31b075778c48daaae33d6eb') in 0.045324 seconds
Number of updated asset objects reloaded before import = 0
Number of asset objects unloaded after import = 6
========================================================================
Received Import Request.
  Time since last request: 0.000133 seconds.
  path: Assets/TextMesh Pro/Resources/Fonts & Materials/LiberationSans SDF - Drop Shadow.mat
  artifactKey: Guid(e73a58f6e2794ae7b1b7e50b7fb811b0) Importer(815301076,1909f56bfc062723c751e8b465ee728b)
Start importing Assets/TextMesh Pro/Resources/Fonts & Materials/LiberationSans SDF - Drop Shadow.mat using Guid(e73a58f6e2794ae7b1b7e50b7fb811b0) Importer(815301076,1909f56bfc062723c751e8b465ee728b)  -> (artifact id: '7de474db23da587057b0b39e7d9f8a71') in 0.040831 seconds
Number of updated asset objects reloaded before import = 0
Number of asset objects unloaded after import = 2
========================================================================
Received Import Request.
  Time since last request: 0.000132 seconds.
  path: Assets/TextMesh Pro/Resources/Fonts & Materials/LiberationSans SDF.asset
  artifactKey: Guid(8f586378b4e144a9851e7b34d9b748ee) Importer(815301076,1909f56bfc062723c751e8b465ee728b)
Start importing Assets/TextMesh Pro/Resources/Fonts & Materials/LiberationSans SDF.asset using Guid(8f586378b4e144a9851e7b34d9b748ee) Importer(815301076,1909f56bfc062723c751e8b465ee728b)  -> (artifact id: '127e96ad80a985cad5319342801e6aa3') in 0.061101 seconds
Number of updated asset objects reloaded before import = 0
Number of asset objects unloaded after import = 9
========================================================================
Received Import Request.
  Time since last request: 11.439106 seconds.
  path: Assets/Prefabs/Enemy.prefab
  artifactKey: Guid(ada8c7b3311ea43849e7d6813050f3c3) Importer(815301076,1909f56bfc062723c751e8b465ee728b)
Start importing Assets/Prefabs/Enemy.prefab using Guid(ada8c7b3311ea43849e7d6813050f3c3) Importer(815301076,1909f56bfc062723c751e8b465ee728b)  -> (artifact id: '462bb4ed3531d1a1277ca3430408b00e') in 0.104911 seconds
Number of updated asset objects reloaded before import = 0
Number of asset objects unloaded after import = 65
========================================================================
Received Import Request.
  Time since last request: 0.000079 seconds.
  path: Assets/Prefabs/HealthSlider.prefab
  artifactKey: Guid(e91567234d4804cd691fd92bf7ec2323) Importer(815301076,1909f56bfc062723c751e8b465ee728b)
Start importing Assets/Prefabs/HealthSlider.prefab using Guid(e91567234d4804cd691fd92bf7ec2323) Importer(815301076,1909f56bfc062723c751e8b465ee728b)  -> (artifact id: '7fed987f6867b09fc7eaa898203d47c7') in 0.004982 seconds
Number of updated asset objects reloaded before import = 0
Number of asset objects unloaded after import = 20
========================================================================
Received Import Request.
  Time since last request: 3.076560 seconds.
  path: Assets/Scenes/SampleScene/NavMesh-NavMesh Surface.asset
  artifactKey: Guid(e0dc9cd96fb7c43f8997244cd101fd99) Importer(815301076,1909f56bfc062723c751e8b465ee728b)
Start importing Assets/Scenes/SampleScene/NavMesh-NavMesh Surface.asset using Guid(e0dc9cd96fb7c43f8997244cd101fd99) Importer(815301076,1909f56bfc062723c751e8b465ee728b)  -> (artifact id: '69d7b7000155625d339bbf0d69c3af9c') in 0.001756 seconds
Number of updated asset objects reloaded before import = 0
Number of asset objects unloaded after import = 1
========================================================================
Received Import Request.
  Time since last request: 14.651561 seconds.
  path: Assets/Materials/JailBreak/MyRealMaterialsFree/Prefabs/BricksSmallYellowPaintedCracks.prefab
  artifactKey: Guid(b4ebd7ecc2664154388f3afcb44ad9c7) Importer(815301076,1909f56bfc062723c751e8b465ee728b)
Start importing Assets/Materials/JailBreak/MyRealMaterialsFree/Prefabs/BricksSmallYellowPaintedCracks.prefab using Guid(b4ebd7ecc2664154388f3afcb44ad9c7) Importer(815301076,1909f56bfc062723c751e8b465ee728b)  -> (artifact id: '11fb20fc88bb3552c89c80c4957c339d') in 0.087535 seconds
Number of updated asset objects reloaded before import = 0
Number of asset objects unloaded after import = 13
========================================================================
Received Import Request.
  Time since last request: 0.000139 seconds.
  path: Assets/Materials/JailBreak/MyRealMaterialsFree/Prefabs/ConcretePatternPaintedWhite.prefab
  artifactKey: Guid(f2057879305871a4ea476286290094f4) Importer(815301076,1909f56bfc062723c751e8b465ee728b)
Start importing Assets/Materials/JailBreak/MyRealMaterialsFree/Prefabs/ConcretePatternPaintedWhite.prefab using Guid(f2057879305871a4ea476286290094f4) Importer(815301076,1909f56bfc062723c751e8b465ee728b)  -> (artifact id: '4aa5f60604e67ea42d8a7108dbade65a') in 0.054000 seconds
Number of updated asset objects reloaded before import = 0
Number of asset objects unloaded after import = 13
========================================================================
Received Import Request.
  Time since last request: 0.000116 seconds.
  path: Assets/Materials/JailBreak/MyRealMaterialsFree/Prefabs/BricksWhitePaintedCracked01.prefab
  artifactKey: Guid(81542e9d18e86ae4ab61132efebe3b5b) Importer(815301076,1909f56bfc062723c751e8b465ee728b)
Start importing Assets/Materials/JailBreak/MyRealMaterialsFree/Prefabs/BricksWhitePaintedCracked01.prefab using Guid(81542e9d18e86ae4ab61132efebe3b5b) Importer(815301076,1909f56bfc062723c751e8b465ee728b)  -> (artifact id: 'f309834b5ca031457188a9d75a7da907') in 0.065742 seconds
Number of updated asset objects reloaded before import = 0
Number of asset objects unloaded after import = 13
========================================================================
Received Import Request.
  Time since last request: 0.000073 seconds.
  path: Assets/Materials/JailBreak/MyRealMaterialsFree/Prefabs/MetalBlueCorrodedLeaks.prefab
  artifactKey: Guid(a7160444a946fc44e84aa8cf2d9ad910) Importer(815301076,1909f56bfc062723c751e8b465ee728b)
Start importing Assets/Materials/JailBreak/MyRealMaterialsFree/Prefabs/MetalBlueCorrodedLeaks.prefab using Guid(a7160444a946fc44e84aa8cf2d9ad910) Importer(815301076,1909f56bfc062723c751e8b465ee728b)  -> (artifact id: '733189a987f07f5d61184228bc75339d') in 0.060049 seconds
Number of updated asset objects reloaded before import = 0
Number of asset objects unloaded after import = 13
========================================================================
Received Import Request.
  Time since last request: 0.000204 seconds.
  path: Assets/Materials/JailBreak/MyRealMaterialsFree/Prefabs/CinderBlockWhitePaintedCracked.prefab
  artifactKey: Guid(09bc4e01f048b2542867c53b54563b87) Importer(815301076,1909f56bfc062723c751e8b465ee728b)
Start importing Assets/Materials/JailBreak/MyRealMaterialsFree/Prefabs/CinderBlockWhitePaintedCracked.prefab using Guid(09bc4e01f048b2542867c53b54563b87) Importer(815301076,1909f56bfc062723c751e8b465ee728b)  -> (artifact id: '16e403ca3e621634f86b17947ac24a3f') in 0.054440 seconds
Number of updated asset objects reloaded before import = 0
Number of asset objects unloaded after import = 13
========================================================================
Received Import Request.
  Time since last request: 0.000162 seconds.
  path: Assets/Materials/JailBreak/MyRealMaterialsFree/Prefabs/Metal Rusted Green Tile.prefab
  artifactKey: Guid(8977cadd0f8113e4f8e04872fe2a2d10) Importer(815301076,1909f56bfc062723c751e8b465ee728b)
Start importing Assets/Materials/JailBreak/MyRealMaterialsFree/Prefabs/Metal Rusted Green Tile.prefab using Guid(8977cadd0f8113e4f8e04872fe2a2d10) Importer(815301076,1909f56bfc062723c751e8b465ee728b)  -> (artifact id: '6f5c129ba03cd948eea45c023630488c') in 0.064779 seconds
Number of updated asset objects reloaded before import = 0
Number of asset objects unloaded after import = 13
========================================================================
Received Import Request.
  Time since last request: 6.405265 seconds.
  path: Assets/Materials/JailBreak/MyRealMaterialsFree/Demo/SampleScene.unity
  artifactKey: Guid(e77dbec3f4122c0418c398bd19e19df6) Importer(815301076,1909f56bfc062723c751e8b465ee728b)
Start importing Assets/Materials/JailBreak/MyRealMaterialsFree/Demo/SampleScene.unity using Guid(e77dbec3f4122c0418c398bd19e19df6) Importer(815301076,1909f56bfc062723c751e8b465ee728b)  -> (artifact id: '46530216ba769250fcf899d6767b2502') in 0.000920 seconds
Number of updated asset objects reloaded before import = 0
Number of asset objects unloaded after import = 0
========================================================================
Received Import Request.
  Time since last request: 5.748978 seconds.
  path: Assets/Scenes/SampleScene.unity
  artifactKey: Guid(9fc0d4010bbf28b4594072e72b8655ab) Importer(815301076,1909f56bfc062723c751e8b465ee728b)
Start importing Assets/Scenes/SampleScene.unity using Guid(9fc0d4010bbf28b4594072e72b8655ab) Importer(815301076,1909f56bfc062723c751e8b465ee728b)  -> (artifact id: '934cd68a280756903457cbfc2e211dec') in 0.000710 seconds
Number of updated asset objects reloaded before import = 0
Number of asset objects unloaded after import = 0
========================================================================
Received Prepare
Refreshing native plugins compatible for Editor in 2.75 ms, found 2 plugins.
Preloading 0 native plugins for Editor in 0.00 ms.
Unloading 15 Unused Serialized files (Serialized files now loaded: 0)
Unloading 19 unused Assets / (1.3 MB). Loaded Objects now: 4152.
Memory consumption went from 225.4 MB to 224.0 MB.
Total: 8.024105 ms (FindLiveObjects: 0.593414 ms CreateObjectMapping: 0.382565 ms MarkObjects: 6.207477 ms  DeleteObjects: 0.838794 ms)

Prepare: number of updated asset objects reloaded= 0
AssetImportParameters requested are different than current active one (requested -> active):
  custom:container-demuxer-ogg: 62fdf1f143b41e24485cea50d1cbac27 -> 
  custom:video-decoder-ogg-theora: a1e56fd34408186e4bbccfd4996cb3dc -> 
  custom:CustomObjectIndexerAttribute: 756ad292c208cfabdd7b50bc23989ffe -> 
  custom:container-demuxer-webm: 4f35f7cbe854078d1ac9338744f61a02 -> 
  custom:container-muxer-webm: aa71ff27fc2769a1b78a27578f13a17b -> 
  custom:video-decoder-webm-vp8: 9c59270c3fd7afecdb556c50c9e8de78 -> 
  custom:SearchIndexIgnoredProperties: e643bd26f0fe6173181afceb89e7c659 -> 
  custom:AudioImporter_EditorPlatform: 3918e3fc78b5a79bad01e8451be0beb8 -> 
  custom:framework-osx-AVFoundation: e770b220cccbd017edd2c1fefb359320 -> 
  custom:video-encoder-webm-vp8: eb34c28f22e8b96e1ab97ce403110664 -> 
  custom:audio-decoder-ogg-vorbis: bf7c407c2cedff20999df2af8eb42d56 -> 
  custom:audio-encoder-webm-vorbis: bf7c407c2cedff20999df2af8eb42d56 -> 
========================================================================
Received Import Request.
  Time since last request: 34.536876 seconds.
  path: Assets/Scripts/GameManager.cs
  artifactKey: Guid(739d04a621c2240fc9e6f6aa1c891a49) Importer(815301076,1909f56bfc062723c751e8b465ee728b)
Start importing Assets/Scripts/GameManager.cs using Guid(739d04a621c2240fc9e6f6aa1c891a49) Importer(815301076,1909f56bfc062723c751e8b465ee728b)  -> (artifact id: '238ea5df2fae3ff4967bac98f807a592') in 0.000699 seconds
Number of updated asset objects reloaded before import = 0
Number of asset objects unloaded after import = 0
